Arguments: 
  C:\Program Files\nodejs\node.exe C:\Users\yang\AppData\Roaming\npm\node_modules\yarn\bin\yarn.js add vant

PATH: 
  C:\WINDOWS\system32;C:\WINDOWS;C:\WINDOWS\System32\Wbem;C:\WINDOWS\System32\WindowsPowerShell\v1.0\;C:\WINDOWS\System32\OpenSSH\;C:\Program Files\Git\cmd;C:\Program Files (x86)\Tencent\微信web开发者工具\dll;C:\Program Files\PuTTY\;D:\soft\nvm\nvm;C:\Program Files\nodejs;C:\ProgramData\chocolatey\bin;C:\Users\yang\AppData\Local\Microsoft\WindowsApps;C:\Users\yang\AppData\Local\Programs\Microsoft VS Code\bin;C:\Users\yang\AppData\Roaming\npm;D:\soft\nvm\nvm;C:\Program Files\nodejs;D:\edge;

Yarn version: 
  1.22.19

Node version: 
  16.20.0

Platform: 
  win32 x64

Trace: 
  Error: ENOENT: no such file or directory, copyfile 'C:\Users\yang\AppData\Local\Yarn\Cache\v6\npm-ms-2.0.0-5608aeadfc00be6c2901df5f9861788de0d597c8-integrity\node_modules\ms\index.js' -> 'D:\project\cleartv\clearticket_yijiyou_app\packages\miniapp\node_modules\eslint-plugin-import\node_modules\ms\index.js'

npm manifest: 
  {
    "name": "@yijiyou/miniapp",
    "version": "0.0.0",
    "scripts": {
      "dev:mp-weixin_test": "cross-env project=test uni -p mp-weixin",
      "dev:mp-weixin_aqi": "cross-env project=aqibwg uni -p mp-weixin",
      "dev:aqi": "cross-env project=aqibwg uni",
      "dev:mp-weixin_luyao": "cross-env project=luyao uni -p mp-weixin",
      "dev:mp-weixin_huluguzhen": "cross-env project=huluguzhen uni -p mp-weixin",
      "dev:mp-weixin_donganhu": "cross-env project=donganhu uni -p mp-weixin",
      "dev:mp-weixin_eling": "cross-env project=eling uni -p mp-weixin",
      "dev:mp-weixin_taibaixian": "cross-env project=taibaixian uni -p mp-weixin",
      "dev:mp-weixin_baoquan": "cross-env project=baoquan uni -p mp-weixin",
      "dev:mp-weixin_taohuayuan": "cross-env project=taohuayuan uni -p mp-weixin",
      "dev:mp-weixin_kunshan": "cross-env project=kunshan uni -p mp-weixin",
      "build:mp-weixin_luyao": "cross-env project=luyao uni build -p mp-weixin",
      "build:mp-weixin_huluguzhen": "cross-env project=huluguzhen uni build -p mp-weixin",
      "build:mp-weixin_donganhu": "cross-env project=donganhu uni build -p mp-weixin",
      "build:mp-weixin_xiyagou": "cross-env project=xiyagou uni build -p mp-weixin",
      "build:mp-weixin_eling": "cross-env project=eling uni build -p mp-weixin",
      "build:mp-weixin_aqi": "cross-env project=aqibwg uni build -p mp-weixin",
      "build:mp-weixin_taohuayuan": "cross-env project=taohuayuan uni build -p mp-weixin",
      "build:mp-weixin_baoquan": "cross-env project=baoquan uni build -p mp-weixin",
      "dev:app": "uni -p app",
      "dev:custom": "uni -p",
      "dev:h5": "uni",
      "dev:h5-zmd": "cross-env project=zhumadian uni",
      "dev:h5-yms": "cross-env project=yunmengshan uni",
      "dev:h5-ly": "cross-env project=luyao uni",
      "dev:h5-tbs": "cross-env project=taibaishan uni",
      "build:h5-zmd": "cross-env project=zhumadian uni build",
      "build:h5-ly": "cross-env project=luyao uni build",
      "build:h5-dah": "cross-env project=donganhu uni build",
      "build:h5-xyg": "cross-env project=xiyagou uni build",
      "build:h5-tbx": "cross-env project=taibaixian uni build",
      "build:h5-aqi": "cross-env project=aqibwg uni build",
      "build:h5-baoquan": "cross-env project=baoquan uni build",
      "build:h5-taohuayuan": "cross-env project=taohuayuan uni build",
      "dev:h5:ssr": "uni --ssr",
      "dev:mp-alipay": "uni -p mp-alipay",
      "dev:mp-baidu": "uni -p mp-baidu",
      "dev:mp-kuaishou": "uni -p mp-kuaishou",
      "dev:mp-lark": "uni -p mp-lark",
      "dev:mp-qq": "uni -p mp-qq",
      "dev:mp-toutiao": "uni -p mp-toutiao",
      "dev:mp-weixin": "uni -p mp-weixin",
      "dev:mp-weixin-yms": "cross-env project=yunmengshan uni -p mp-weixin",
      "dev:quickapp-webview": "uni -p quickapp-webview",
      "dev:quickapp-webview-huawei": "uni -p quickapp-webview-huawei",
      "dev:quickapp-webview-union": "uni -p quickapp-webview-union",
      "build:app": "uni build -p app",
      "build:custom": "uni build -p",
      "build:h5": "uni build",
      "build:h5:ssr": "uni build --ssr",
      "build:mp-alipay": "uni build -p mp-alipay",
      "build:mp-baidu": "uni build -p mp-baidu",
      "build:mp-kuaishou": "uni build -p mp-kuaishou",
      "build:mp-lark": "uni build -p mp-lark",
      "build:mp-qq": "uni build -p mp-qq",
      "build:mp-toutiao": "uni build -p mp-toutiao",
      "build:mp-weixin": "uni build -p mp-weixin",
      "build:mp-weixin-yms": "cross-env project=yunmengshan uni build -p mp-weixin",
      "build:mp-weixin-ly": "cross-env project=luyao uni build -p mp-weixin",
      "build:quickapp-webview": "uni build -p quickapp-webview",
      "build:quickapp-webview-huawei": "uni build -p quickapp-webview-huawei",
      "build:quickapp-webview-union": "uni build -p quickapp-webview-union"
    },
    "dependencies": {
      "@chinese-fonts/ysyrxk": "^1.1.0",
      "@dcloudio/uni-app": "3.0.0-alpha-3080220230511001",
      "@dcloudio/uni-app-plus": "3.0.0-alpha-3080220230511001",
      "@dcloudio/uni-components": "3.0.0-alpha-3080220230511001",
      "@dcloudio/uni-h5": "3.0.0-alpha-3080220230511001",
      "@dcloudio/uni-mp-alipay": "3.0.0-alpha-3080220230511001",
      "@dcloudio/uni-mp-baidu": "3.0.0-alpha-3080220230511001",
      "@dcloudio/uni-mp-jd": "3.0.0-alpha-3080220230511001",
      "@dcloudio/uni-mp-kuaishou": "3.0.0-alpha-3080220230511001",
      "@dcloudio/uni-mp-lark": "3.0.0-alpha-3080220230511001",
      "@dcloudio/uni-mp-qq": "3.0.0-alpha-3080220230511001",
      "@dcloudio/uni-mp-toutiao": "3.0.0-alpha-3080220230511001",
      "@dcloudio/uni-mp-weixin": "3.0.0-alpha-3080220230511001",
      "@dcloudio/uni-quickapp-webview": "3.0.0-alpha-3080220230511001",
      "@dcloudio/uni-ui": "^1.4.23",
      "color": "^4.2.3",
      "dayjs": "^1.11.5",
      "js-md5": "^0.7.3",
      "luch-request": "^3.0.8",
      "pinia": "2.0.13",
      "vue": "^3.2.41",
      "vue-i18n": "^9.1.9",
      "vuex": "^4.0.2"
    },
    "devDependencies": {
      "@commitlint/config-conventional": "16.2.1",
      "@dcloudio/types": "^3.3.2",
      "@dcloudio/uni-automator": "3.0.0-alpha-3080220230511001",
      "@dcloudio/uni-cli-shared": "3.0.0-alpha-3080220230511001",
      "@dcloudio/uni-stacktracey": "3.0.0-alpha-3080220230511001",
      "@dcloudio/vite-plugin-uni": "3.0.0-alpha-3080220230511001",
      "@iconify-json/eos-icons": "^1.1.3",
      "@iconify-json/ic": "^1.1.9",
      "@iconify-json/majesticons": "^1.1.3",
      "@iconify-json/ph": "^1.1.2",
      "@unocss/preset-rem-to-px": "0.46.5",
      "@vitejs/plugin-legacy": "^1.8.2",
      "autoprefixer": "10.4.4",
      "commitizen": "4.2.4",
      "commitlint": "16.2.3",
      "eslint": "7.32.0",
      "eslint-config-prettier": "8.3.0",
      "eslint-plugin-import": "2.26.0",
      "eslint-plugin-prettier": "3.3.1",
      "eslint-plugin-simple-import-sort": "7.0.0",
      "eslint-plugin-vue": "^8.3.0",
      "pinia-auto-refs": "0.0.4",
      "pinia-plugin-persist-uni": "1.1.5",
      "postcss-html": "1.3.0",
      "postcss-scss": "4.0.3",
      "prettier": "^2.7.1",
      "sass": "1.49.9",
      "unocss": "^0.53.1",
      "unocss-preset-chroma": "^0.3.0",
      "unocss-preset-weapp": "^0.1.9",
      "unplugin-auto-import": "0.9.2",
      "unplugin-vue-components": "0.21.1",
      "vite": "4.0.3",
      "vite-plugin-eslint": "^1.3.0",
      "vite-plugin-html": "^3.2.0",
      "vue-global-api": "0.4.1"
    },
    "engines": {
      "node": ">=16.0.0"
    }
  }

yarn manifest: 
  No manifest

Lockfile: 
  No lockfile
